<?xml version="1.0" encoding="UTF-8"?>
<!-- Generated by org.testng.reporters.JUnitXMLReporter -->
<testsuite ignored="0" hostname="Gayathri" failures="1" tests="10" name="Surefire test" time="30.433" errors="0" timestamp="2024-05-20T17:04:07 IST">
  <testcase classname="api.tests.DataDrivenTests" name="testDeleteUserByName" time="0.587">
    <failure type="java.lang.IllegalArgumentException" message="parameterValue cannot be null">
      <![CDATA[java.lang.IllegalArgumentException: parameterValue cannot be null
at org.codehaus.groovy.runtime.callsite.ConstructorSite$ConstructorSiteNoUnwrap.callConstructor(ConstructorSite.java:86)
at org.codehaus.groovy.runtime.callsite.CallSiteArray.defaultCallConstructor(CallSiteArray.java:57)
at org.codehaus.groovy.runtime.callsite.AbstractCallSite.callConstructor(AbstractCallSite.java:263)
at org.codehaus.groovy.runtime.callsite.AbstractCallSite.callConstructor(AbstractCallSite.java:277)
at io.restassured.internal.common.assertion.AssertParameter.notNull(AssertParameter.groovy:26)
at io.restassured.internal.common.assertion.AssertParameter$notNull.callStatic(Unknown Source)
at org.codehaus.groovy.runtime.callsite.CallSiteArray.defaultCallStatic(CallSiteArray.java:53)
at org.codehaus.groovy.runtime.callsite.AbstractCallSite.callStatic(AbstractCallSite.java:217)
at org.codehaus.groovy.runtime.callsite.AbstractCallSite.callStatic(AbstractCallSite.java:240)
at io.restassured.internal.RequestSpecificationImpl.pathParam(RequestSpecificationImpl.groovy:515)
at api.endpoints.UserEndPoints.deleteUser(UserEndPoints.java:49)
at api.tests.DataDrivenTests.testDeleteUserByName(DataDrivenTests.java:33)
at java.base/java.util.ArrayList.forEach(ArrayList.java:1596)
... Removed 35 stack frames]]>
    </failure>
  </testcase> <!-- testDeleteUserByName -->
  <testcase classname="api.tests.DataDrivenTests" name="testDeleteUserByName" time="13.561"/>
  <testcase classname="api.tests.DataDrivenTests" name="testDeleteUserByName" time="1.494"/>
  <testcase classname="api.tests.DataDrivenTests" name="testPostUser" time="1.885"/>
  <testcase classname="api.tests.DataDrivenTests" name="testPostUser" time="1.563"/>
  <testcase classname="api.tests.DataDrivenTests" name="testPostUser" time="1.533"/>
  <testcase classname="api.tests.UserTests" name="testPostUser" time="1.549"/>
  <testcase classname="api.tests.UserTests" name="testGetUserByName" time="1.539"/>
  <testcase classname="api.tests.UserTests" name="testUpdateUserByName" time="3.224"/>
  <testcase classname="api.tests.UserTests" name="testDeleteUserByName" time="1.78"/>
</testsuite> <!-- Surefire test -->
